"0:0:0:0:0:0:0:1 - - [23/Mar/2023:16:54:36 +0100] "GET /h2-console HTTP/1.1" 302 - 105946"
"0:0:0:0:0:0:0:1 - - [23/Mar/2023:16:54:36 +0100] "GET /h2-console/ HTTP/1.1" 200 938 33314"
"0:0:0:0:0:0:0:1 - - [23/Mar/2023:16:54:37 +0100] "GET /h2-console/stylesheet.css HTTP/1.1" 200 4967 61241"
"0:0:0:0:0:0:0:1 - - [23/Mar/2023:16:54:37 +0100] "GET /h2-console/login.jsp?jsessionid=c38ffb33acfca418f51189dc9b5c85d4 HTTP/1.1" 200 8991 16231"
"0:0:0:0:0:0:0:1 - - [23/Mar/2023:16:54:37 +0100] "GET /h2-console/background.gif HTTP/1.1" 200 169 10965"
"0:0:0:0:0:0:0:1 - - [23/Mar/2023:16:54:38 +0100] "GET /favicon.ico HTTP/1.1" 404 111 373174"
"0:0:0:0:0:0:0:1 - - [23/Mar/2023:16:54:40 +0100] "POST /h2-console/login.do?jsessionid=c38ffb33acfca418f51189dc9b5c85d4 HTTP/1.1" 200 1463 19109"
"0:0:0:0:0:0:0:1 - - [23/Mar/2023:16:54:40 +0100] "GET /h2-console/header.jsp?jsessionid=c38ffb33acfca418f51189dc9b5c85d4 HTTP/1.1" 200 8070 9046"
"0:0:0:0:0:0:0:1 - - [23/Mar/2023:16:54:40 +0100] "GET /h2-console/help.jsp?jsessionid=c38ffb33acfca418f51189dc9b5c85d4 HTTP/1.1" 200 5315 12287"
"0:0:0:0:0:0:0:1 - - [23/Mar/2023:16:54:40 +0100] "GET /h2-console/query.jsp?jsessionid=c38ffb33acfca418f51189dc9b5c85d4 HTTP/1.1" 200 16430 22433"
"0:0:0:0:0:0:0:1 - - [23/Mar/2023:16:54:40 +0100] "GET /h2-console/icon_line.gif HTTP/1.1" 200 818 16228"
"0:0:0:0:0:0:0:1 - - [23/Mar/2023:16:54:40 +0100] "GET /h2-console/icon_disconnect.gif HTTP/1.1" 200 114 21491"
"0:0:0:0:0:0:0:1 - - [23/Mar/2023:16:54:40 +0100] "GET /h2-console/icon_refresh.gif HTTP/1.1" 200 327 3010"
"0:0:0:0:0:0:0:1 - - [23/Mar/2023:16:54:40 +0100] "GET /h2-console/icon_rollback.gif HTTP/1.1" 200 331 5104"
"0:0:0:0:0:0:0:1 - - [23/Mar/2023:16:54:40 +0100] "GET /h2-console/icon_commit.gif HTTP/1.1" 200 323 8290"
"0:0:0:0:0:0:0:1 - - [23/Mar/2023:16:54:40 +0100] "GET /h2-console/icon_run_selected.gif HTTP/1.1" 200 312 4925"
"0:0:0:0:0:0:0:1 - - [23/Mar/2023:16:54:40 +0100] "GET /h2-console/icon_run.gif HTTP/1.1" 200 379 7523"
"0:0:0:0:0:0:0:1 - - [23/Mar/2023:16:54:40 +0100] "GET /h2-console/icon_stop.gif HTTP/1.1" 200 215 6475"
"0:0:0:0:0:0:0:1 - - [23/Mar/2023:16:54:40 +0100] "GET /h2-console/icon_help.gif HTTP/1.1" 200 373 9726"
"0:0:0:0:0:0:0:1 - - [23/Mar/2023:16:54:40 +0100] "GET /h2-console/icon_history.gif HTTP/1.1" 200 216 4430"
"0:0:0:0:0:0:0:1 - - [23/Mar/2023:16:54:40 +0100] "GET /h2-console/tables.do?jsessionid=c38ffb33acfca418f51189dc9b5c85d4 HTTP/1.1" 200 4646 379428"
"0:0:0:0:0:0:0:1 - - [23/Mar/2023:16:54:40 +0100] "GET /h2-console/tree.js HTTP/1.1" 200 3185 5586"
"0:0:0:0:0:0:0:1 - - [23/Mar/2023:16:54:41 +0100] "GET /h2-console/tree_minus.gif HTTP/1.1" 200 861 5928"
"0:0:0:0:0:0:0:1 - - [23/Mar/2023:16:54:41 +0100] "GET /h2-console/tree_database.gif HTTP/1.1" 200 545 6102"
"0:0:0:0:0:0:0:1 - - [23/Mar/2023:16:54:41 +0100] "GET /h2-console/tree_plus.gif HTTP/1.1" 200 870 6949"
"0:0:0:0:0:0:0:1 - - [23/Mar/2023:16:54:41 +0100] "GET /h2-console/tree_folder.gif HTTP/1.1" 200 372 4742"
"0:0:0:0:0:0:0:1 - - [23/Mar/2023:16:54:41 +0100] "GET /h2-console/tree_empty.gif HTTP/1.1" 200 62 8868"
"0:0:0:0:0:0:0:1 - - [23/Mar/2023:16:54:41 +0100] "GET /h2-console/tree_view.gif HTTP/1.1" 200 157 8720"
"0:0:0:0:0:0:0:1 - - [23/Mar/2023:16:54:41 +0100] "GET /h2-console/tree_table.gif HTTP/1.1" 200 343 4931"
"0:0:0:0:0:0:0:1 - - [23/Mar/2023:16:54:41 +0100] "GET /h2-console/tree_users.gif HTTP/1.1" 200 601 3499"
"0:0:0:0:0:0:0:1 - - [23/Mar/2023:16:54:41 +0100] "GET /h2-console/tree_user.gif HTTP/1.1" 200 500 6507"
"0:0:0:0:0:0:0:1 - - [23/Mar/2023:16:54:41 +0100] "GET /h2-console/tree_type.gif HTTP/1.1" 200 197 8445"
"0:0:0:0:0:0:0:1 - - [23/Mar/2023:16:54:41 +0100] "GET /h2-console/tree_info.gif HTTP/1.1" 200 267 13194"
