"0:0:0:0:0:0:0:1 - - [26/Apr/2023:09:58:53 +0200] "GET /users HTTP/1.1" 405 114 82168"
"0:0:0:0:0:0:0:1 - - [26/Apr/2023:09:59:48 +0200] "GET /users/1 HTTP/1.1" 404 - 83600"
"0:0:0:0:0:0:0:1 - - [26/Apr/2023:10:04:11 +0200] "POST /users HTTP/1.1" 200 203 99284"
"0:0:0:0:0:0:0:1 - - [26/Apr/2023:10:04:33 +0200] "GET /users/1 HTTP/1.1" 200 201 32917"
"0:0:0:0:0:0:0:1 - - [26/Apr/2023:10:04:47 +0200] "GET /users/1 HTTP/1.1" 200 201 9129"
"0:0:0:0:0:0:0:1 - - [26/Apr/2023:10:05:05 +0200] "GET /users HTTP/1.1" 405 114 5563"
"0:0:0:0:0:0:0:1 - - [26/Apr/2023:10:05:10 +0200] "GET /users/1 HTTP/1.1" 200 201 7675"
"0:0:0:0:0:0:0:1 - - [26/Apr/2023:10:17:39 +0200] "POST /users/1 HTTP/1.1" 405 116 27096"
"0:0:0:0:0:0:0:1 - - [26/Apr/2023:10:17:45 +0200] "POST /users HTTP/1.1" 400 107 15227"
"0:0:0:0:0:0:0:1 - - [26/Apr/2023:10:17:58 +0200] "POST /users HTTP/1.1" 400 107 6419"
"0:0:0:0:0:0:0:1 - - [26/Apr/2023:10:18:19 +0200] "POST /users HTTP/1.1" 200 236 15217"
"0:0:0:0:0:0:0:1 - - [26/Apr/2023:10:18:31 +0200] "GET /users HTTP/1.1" 405 114 5235"
"0:0:0:0:0:0:0:1 - - [26/Apr/2023:10:18:37 +0200] "GET /users/2 HTTP/1.1" 200 234 23871"
"0:0:0:0:0:0:0:1 - - [26/Apr/2023:10:18:48 +0200] "GET /users/3 HTTP/1.1" 404 - 16662"
"0:0:0:0:0:0:0:1 - - [26/Apr/2023:10:18:51 +0200] "GET /users/3 HTTP/1.1" 404 - 5616"
"0:0:0:0:0:0:0:1 - - [26/Apr/2023:10:18:56 +0200] "GET /users/1 HTTP/1.1" 200 201 10560"
"0:0:0:0:0:0:0:1 - - [26/Apr/2023:10:34:01 +0200] "GET /users HTTP/1.1" 405 114 61596"
"0:0:0:0:0:0:0:1 - - [26/Apr/2023:10:34:07 +0200] "GET /users/ HTTP/1.1" 404 106 11753"
"0:0:0:0:0:0:0:1 - - [26/Apr/2023:10:35:08 +0200] "GET /users/ HTTP/1.1" 404 106 80703"
"0:0:0:0:0:0:0:1 - - [26/Apr/2023:10:35:09 +0200] "GET /users/ HTTP/1.1" 404 106 6326"
"0:0:0:0:0:0:0:1 - - [26/Apr/2023:10:35:13 +0200] "GET /users HTTP/1.1" 405 114 7504"
"0:0:0:0:0:0:0:1 - - [26/Apr/2023:10:35:14 +0200] "GET /users HTTP/1.1" 405 114 5666"
"0:0:0:0:0:0:0:1 - - [26/Apr/2023:10:35:18 +0200] "GET /users/ HTTP/1.1" 404 106 5089"
"0:0:0:0:0:0:0:1 - - [26/Apr/2023:10:35:26 +0200] "GET /users HTTP/1.1" 405 114 5680"
"0:0:0:0:0:0:0:1 - - [26/Apr/2023:10:36:16 +0200] "GET /users/users HTTP/1.1" 200 12 91427"
"0:0:0:0:0:0:0:1 - - [26/Apr/2023:10:36:31 +0200] "POST /users HTTP/1.1" 200 236 73674"
"0:0:0:0:0:0:0:1 - - [26/Apr/2023:10:36:41 +0200] "GET /users/users HTTP/1.1" 200 236 53809"
"0:0:0:0:0:0:0:1 - - [26/Apr/2023:10:37:57 +0200] "POST /users HTTP/1.1" 200 236 7214"
"0:0:0:0:0:0:0:1 - - [26/Apr/2023:10:38:27 +0200] "POST /users HTTP/1.1" 200 234 10263"
"0:0:0:0:0:0:0:1 - - [26/Apr/2023:10:38:42 +0200] "GET /users/users HTTP/1.1" 200 683 18524"
"0:0:0:0:0:0:0:1 - - [26/Apr/2023:10:39:27 +0200] "GET /users/users HTTP/1.1" 400 113 60974"
"0:0:0:0:0:0:0:1 - - [26/Apr/2023:10:39:32 +0200] "GET /users HTTP/1.1" 405 114 10992"
"0:0:0:0:0:0:0:1 - - [26/Apr/2023:10:39:37 +0200] "GET /users/ HTTP/1.1" 200 12 87321"
"0:0:0:0:0:0:0:1 - - [26/Apr/2023:10:39:54 +0200] "POST /users/ HTTP/1.1" 405 115 6477"
"0:0:0:0:0:0:0:1 - - [26/Apr/2023:10:40:09 +0200] "POST /users HTTP/1.1" 200 234 69803"
"0:0:0:0:0:0:0:1 - - [26/Apr/2023:10:40:16 +0200] "GET /users/ HTTP/1.1" 200 234 34861"
"0:0:0:0:0:0:0:1 - - [26/Apr/2023:10:40:43 +0200] "POST /users HTTP/1.1" 200 236 8691"
"0:0:0:0:0:0:0:1 - - [26/Apr/2023:10:40:59 +0200] "GET /users/ HTTP/1.1" 200 459 17641"
"0:0:0:0:0:0:0:1 - - [26/Apr/2023:10:41:09 +0200] "GET /users/2 HTTP/1.1" 200 234 20154"
"0:0:0:0:0:0:0:1 - - [26/Apr/2023:10:41:15 +0200] "GET /users/1 HTTP/1.1" 200 232 7516"
"0:0:0:0:0:0:0:1 - - [26/Apr/2023:10:42:35 +0200] "DELETE /users/1 HTTP/1.1" 204 - 63344"
"0:0:0:0:0:0:0:1 - - [26/Apr/2023:10:42:47 +0200] "GET /users/ HTTP/1.1" 200 236 25884"
"0:0:0:0:0:0:0:1 - - [26/Apr/2023:10:43:00 +0200] "DELETE /users/2 HTTP/1.1" 204 - 8447"
"0:0:0:0:0:0:0:1 - - [26/Apr/2023:10:43:00 +0200] "DELETE /users/2 HTTP/1.1" 204 - 3622"
"0:0:0:0:0:0:0:1 - - [26/Apr/2023:10:43:06 +0200] "GET /users/ HTTP/1.1" 200 12 7354"
"0:0:0:0:0:0:0:1 - - [26/Apr/2023:11:19:41 +0200] "GET /role/ HTTP/1.1" 200 12 110018"
"0:0:0:0:0:0:0:1 - - [26/Apr/2023:11:21:06 +0200] "POST /role/ HTTP/1.1" 405 114 53084"
"0:0:0:0:0:0:0:1 - - [26/Apr/2023:11:21:16 +0200] "POST /role HTTP/1.1" 200 51 76136"
"0:0:0:0:0:0:0:1 - - [26/Apr/2023:11:22:03 +0200] "POST /role HTTP/1.1" 400 106 15206"
"0:0:0:0:0:0:0:1 - - [26/Apr/2023:11:22:17 +0200] "POST /role HTTP/1.1" 400 106 3765"
"0:0:0:0:0:0:0:1 - - [26/Apr/2023:11:22:39 +0200] "POST /role HTTP/1.1" 200 51 8665"
"0:0:0:0:0:0:0:1 - - [26/Apr/2023:11:22:57 +0200] "GET /role/1 HTTP/1.1" 200 49 46353"
"0:0:0:0:0:0:0:1 - - [26/Apr/2023:11:23:40 +0200] "POST /role HTTP/1.1" 400 106 6024"
"0:0:0:0:0:0:0:1 - - [26/Apr/2023:11:23:53 +0200] "POST /role HTTP/1.1" 400 106 6267"
"0:0:0:0:0:0:0:1 - - [26/Apr/2023:11:24:05 +0200] "POST /role HTTP/1.1" 200 51 11279"
"0:0:0:0:0:0:0:1 - - [26/Apr/2023:11:25:18 +0200] "GET /role/ HTTP/1.1" 200 129 30172"
