"0:0:0:0:0:0:0:1 - - [17/Apr/2023:17:13:09 +0200] "GET /h2-console/login.do?jsessionid=cb5872fecda3373b640c8e718c307d72 HTTP/1.1" 200 938 167548"
"0:0:0:0:0:0:0:1 - - [17/Apr/2023:17:13:09 +0200] "GET /h2-console/stylesheet.css HTTP/1.1" 200 4967 23232"
"0:0:0:0:0:0:0:1 - - [17/Apr/2023:17:13:09 +0200] "GET /h2-console/login.jsp?jsessionid=86791f8ed79005994fb16a261998b682 HTTP/1.1" 200 9047 8364"
"0:0:0:0:0:0:0:1 - - [17/Apr/2023:17:13:09 +0200] "GET /h2-console/background.gif HTTP/1.1" 200 169 8069"
"0:0:0:0:0:0:0:1 - - [17/Apr/2023:17:13:09 +0200] "GET /favicon.ico HTTP/1.1" 404 111 254475"
"0:0:0:0:0:0:0:1 - - [17/Apr/2023:17:13:14 +0200] "POST /h2-console/login.do?jsessionid=86791f8ed79005994fb16a261998b682 HTTP/1.1" 200 1463 16479"
"0:0:0:0:0:0:0:1 - - [17/Apr/2023:17:13:14 +0200] "GET /h2-console/header.jsp?jsessionid=86791f8ed79005994fb16a261998b682 HTTP/1.1" 200 8070 10717"
"0:0:0:0:0:0:0:1 - - [17/Apr/2023:17:13:14 +0200] "GET /h2-console/help.jsp?jsessionid=86791f8ed79005994fb16a261998b682 HTTP/1.1" 200 5315 10536"
"0:0:0:0:0:0:0:1 - - [17/Apr/2023:17:13:14 +0200] "GET /h2-console/query.jsp?jsessionid=86791f8ed79005994fb16a261998b682 HTTP/1.1" 200 16430 13968"
"0:0:0:0:0:0:0:1 - - [17/Apr/2023:17:13:14 +0200] "GET /h2-console/icon_line.gif HTTP/1.1" 200 818 5840"
"0:0:0:0:0:0:0:1 - - [17/Apr/2023:17:13:14 +0200] "GET /h2-console/icon_rollback.gif HTTP/1.1" 200 331 4460"
"0:0:0:0:0:0:0:1 - - [17/Apr/2023:17:13:14 +0200] "GET /h2-console/icon_disconnect.gif HTTP/1.1" 200 114 7777"
"0:0:0:0:0:0:0:1 - - [17/Apr/2023:17:13:14 +0200] "GET /h2-console/icon_refresh.gif HTTP/1.1" 200 327 9551"
"0:0:0:0:0:0:0:1 - - [17/Apr/2023:17:13:14 +0200] "GET /h2-console/icon_commit.gif HTTP/1.1" 200 323 3718"
"0:0:0:0:0:0:0:1 - - [17/Apr/2023:17:13:14 +0200] "GET /h2-console/icon_stop.gif HTTP/1.1" 200 215 7504"
"0:0:0:0:0:0:0:1 - - [17/Apr/2023:17:13:14 +0200] "GET /h2-console/icon_help.gif HTTP/1.1" 200 373 5292"
"0:0:0:0:0:0:0:1 - - [17/Apr/2023:17:13:14 +0200] "GET /h2-console/icon_run.gif HTTP/1.1" 200 379 5776"
"0:0:0:0:0:0:0:1 - - [17/Apr/2023:17:13:14 +0200] "GET /h2-console/icon_history.gif HTTP/1.1" 200 216 5452"
"0:0:0:0:0:0:0:1 - - [17/Apr/2023:17:13:14 +0200] "GET /h2-console/icon_run_selected.gif HTTP/1.1" 200 312 3198"
"0:0:0:0:0:0:0:1 - - [17/Apr/2023:17:13:14 +0200] "GET /h2-console/tables.do?jsessionid=86791f8ed79005994fb16a261998b682 HTTP/1.1" 200 14484 264874"
"0:0:0:0:0:0:0:1 - - [17/Apr/2023:17:13:14 +0200] "GET /h2-console/tree.js HTTP/1.1" 200 3185 5179"
"0:0:0:0:0:0:0:1 - - [17/Apr/2023:17:13:14 +0200] "GET /h2-console/tree_column.gif HTTP/1.1" 200 317 1803"
"0:0:0:0:0:0:0:1 - - [17/Apr/2023:17:13:14 +0200] "GET /h2-console/tree_plus.gif HTTP/1.1" 200 870 4774"
"0:0:0:0:0:0:0:1 - - [17/Apr/2023:17:13:14 +0200] "GET /h2-console/tree_table.gif HTTP/1.1" 200 343 4794"
"0:0:0:0:0:0:0:1 - - [17/Apr/2023:17:13:14 +0200] "GET /h2-console/tree_minus.gif HTTP/1.1" 200 861 5594"
"0:0:0:0:0:0:0:1 - - [17/Apr/2023:17:13:14 +0200] "GET /h2-console/tree_database.gif HTTP/1.1" 200 545 6973"
"0:0:0:0:0:0:0:1 - - [17/Apr/2023:17:13:14 +0200] "GET /h2-console/tree_empty.gif HTTP/1.1" 200 62 9389"
"0:0:0:0:0:0:0:1 - - [17/Apr/2023:17:13:14 +0200] "GET /h2-console/tree_index_az.gif HTTP/1.1" 200 157 2020"
"0:0:0:0:0:0:0:1 - - [17/Apr/2023:17:13:14 +0200] "GET /h2-console/tree_index.gif HTTP/1.1" 200 152 4040"
"0:0:0:0:0:0:0:1 - - [17/Apr/2023:17:13:14 +0200] "GET /h2-console/tree_type.gif HTTP/1.1" 200 197 6296"
"0:0:0:0:0:0:0:1 - - [17/Apr/2023:17:13:14 +0200] "GET /h2-console/tree_folder.gif HTTP/1.1" 200 372 3094"
"0:0:0:0:0:0:0:1 - - [17/Apr/2023:17:13:14 +0200] "GET /h2-console/tree_sequence.gif HTTP/1.1" 200 91 2312"
"0:0:0:0:0:0:0:1 - - [17/Apr/2023:17:13:14 +0200] "GET /h2-console/tree_sequences.gif HTTP/1.1" 200 114 2495"
"0:0:0:0:0:0:0:1 - - [17/Apr/2023:17:13:14 +0200] "GET /h2-console/tree_view.gif HTTP/1.1" 200 157 5629"
"0:0:0:0:0:0:0:1 - - [17/Apr/2023:17:13:14 +0200] "GET /h2-console/tree_users.gif HTTP/1.1" 200 601 3583"
"0:0:0:0:0:0:0:1 - - [17/Apr/2023:17:13:14 +0200] "GET /h2-console/tree_user.gif HTTP/1.1" 200 500 4637"
"0:0:0:0:0:0:0:1 - - [17/Apr/2023:17:13:14 +0200] "GET /h2-console/tree_info.gif HTTP/1.1" 200 267 4691"
"0:0:0:0:0:0:0:1 - - [17/Apr/2023:17:34:02 +0200] "GET /jdbc:h2:file:./data/demo HTTP/1.1" 404 276 180836"
"0:0:0:0:0:0:0:1 - - [17/Apr/2023:17:34:18 +0200] "GET /h2-console/login.do?jsessionid=cb5872fecda3373b640c8e718c307d72 HTTP/1.1" 200 938 7307"
"0:0:0:0:0:0:0:1 - - [17/Apr/2023:17:34:18 +0200] "GET /h2-console/stylesheet.css HTTP/1.1" 304 - 1760"
"0:0:0:0:0:0:0:1 - - [17/Apr/2023:17:34:18 +0200] "GET /h2-console/login.jsp?jsessionid=81530050a5178cab2397a91b2863b8b0 HTTP/1.1" 200 9047 4721"
"0:0:0:0:0:0:0:1 - - [17/Apr/2023:17:34:18 +0200] "GET /h2-console/background.gif HTTP/1.1" 304 - 2376"
"0:0:0:0:0:0:0:1 - - [17/Apr/2023:17:34:22 +0200] "POST /h2-console/login.do?jsessionid=81530050a5178cab2397a91b2863b8b0 HTTP/1.1" 200 1463 19466"
"0:0:0:0:0:0:0:1 - - [17/Apr/2023:17:34:22 +0200] "GET /h2-console/query.jsp?jsessionid=81530050a5178cab2397a91b2863b8b0 HTTP/1.1" 200 16430 5447"
"0:0:0:0:0:0:0:1 - - [17/Apr/2023:17:34:22 +0200] "GET /h2-console/header.jsp?jsessionid=81530050a5178cab2397a91b2863b8b0 HTTP/1.1" 200 8070 9036"
"0:0:0:0:0:0:0:1 - - [17/Apr/2023:17:34:22 +0200] "GET /h2-console/help.jsp?jsessionid=81530050a5178cab2397a91b2863b8b0 HTTP/1.1" 200 5315 7991"
"0:0:0:0:0:0:0:1 - - [17/Apr/2023:17:34:22 +0200] "GET /h2-console/icon_disconnect.gif HTTP/1.1" 304 - 1971"
"0:0:0:0:0:0:0:1 - - [17/Apr/2023:17:34:22 +0200] "GET /h2-console/icon_line.gif HTTP/1.1" 304 - 1229"
"0:0:0:0:0:0:0:1 - - [17/Apr/2023:17:34:22 +0200] "GET /h2-console/icon_refresh.gif HTTP/1.1" 304 - 4288"
"0:0:0:0:0:0:0:1 - - [17/Apr/2023:17:34:22 +0200] "GET /h2-console/icon_rollback.gif HTTP/1.1" 304 - 2019"
"0:0:0:0:0:0:0:1 - - [17/Apr/2023:17:34:22 +0200] "GET /h2-console/icon_commit.gif HTTP/1.1" 304 - 1274"
"0:0:0:0:0:0:0:1 - - [17/Apr/2023:17:34:22 +0200] "GET /h2-console/icon_run.gif HTTP/1.1" 304 - 1604"
"0:0:0:0:0:0:0:1 - - [17/Apr/2023:17:34:22 +0200] "GET /h2-console/icon_run_selected.gif HTTP/1.1" 304 - 1800"
"0:0:0:0:0:0:0:1 - - [17/Apr/2023:17:34:22 +0200] "GET /h2-console/icon_history.gif HTTP/1.1" 304 - 2116"
"0:0:0:0:0:0:0:1 - - [17/Apr/2023:17:34:22 +0200] "GET /h2-console/icon_help.gif HTTP/1.1" 304 - 2439"
"0:0:0:0:0:0:0:1 - - [17/Apr/2023:17:34:22 +0200] "GET /h2-console/icon_stop.gif HTTP/1.1" 304 - 2104"
"0:0:0:0:0:0:0:1 - - [17/Apr/2023:17:34:22 +0200] "GET /h2-console/tables.do?jsessionid=81530050a5178cab2397a91b2863b8b0 HTTP/1.1" 200 14484 167276"
"0:0:0:0:0:0:0:1 - - [17/Apr/2023:17:34:22 +0200] "GET /h2-console/tree.js HTTP/1.1" 304 - 3447"
"0:0:0:0:0:0:0:1 - - [17/Apr/2023:17:34:22 +0200] "GET /h2-console/tree_database.gif HTTP/1.1" 304 - 1369"
"0:0:0:0:0:0:0:1 - - [17/Apr/2023:17:34:22 +0200] "GET /h2-console/tree_plus.gif HTTP/1.1" 304 - 2634"
"0:0:0:0:0:0:0:1 - - [17/Apr/2023:17:34:22 +0200] "GET /h2-console/tree_table.gif HTTP/1.1" 304 - 1414"
"0:0:0:0:0:0:0:1 - - [17/Apr/2023:17:34:22 +0200] "GET /h2-console/tree_empty.gif HTTP/1.1" 304 - 2316"
"0:0:0:0:0:0:0:1 - - [17/Apr/2023:17:34:22 +0200] "GET /h2-console/tree_column.gif HTTP/1.1" 304 - 2515"
"0:0:0:0:0:0:0:1 - - [17/Apr/2023:17:34:22 +0200] "GET /h2-console/tree_minus.gif HTTP/1.1" 304 - 9440"
"0:0:0:0:0:0:0:1 - - [17/Apr/2023:17:34:22 +0200] "GET /h2-console/tree_type.gif HTTP/1.1" 304 - 1823"
"0:0:0:0:0:0:0:1 - - [17/Apr/2023:17:34:22 +0200] "GET /h2-console/tree_index.gif HTTP/1.1" 304 - 1419"
"0:0:0:0:0:0:0:1 - - [17/Apr/2023:17:34:22 +0200] "GET /h2-console/tree_index_az.gif HTTP/1.1" 304 - 1267"
"0:0:0:0:0:0:0:1 - - [17/Apr/2023:17:34:22 +0200] "GET /h2-console/tree_view.gif HTTP/1.1" 304 - 1569"
"0:0:0:0:0:0:0:1 - - [17/Apr/2023:17:34:22 +0200] "GET /h2-console/tree_folder.gif HTTP/1.1" 304 - 7739"
"0:0:0:0:0:0:0:1 - - [17/Apr/2023:17:34:22 +0200] "GET /h2-console/tree_sequence.gif HTTP/1.1" 304 - 6964"
"0:0:0:0:0:0:0:1 - - [17/Apr/2023:17:34:22 +0200] "GET /h2-console/tree_sequences.gif HTTP/1.1" 304 - 6205"
"0:0:0:0:0:0:0:1 - - [17/Apr/2023:17:34:22 +0200] "GET /h2-console/tree_users.gif HTTP/1.1" 304 - 2066"
"0:0:0:0:0:0:0:1 - - [17/Apr/2023:17:34:22 +0200] "GET /h2-console/tree_user.gif HTTP/1.1" 304 - 4159"
"0:0:0:0:0:0:0:1 - - [17/Apr/2023:17:34:22 +0200] "GET /h2-console/tree_info.gif HTTP/1.1" 304 - 2290"
"0:0:0:0:0:0:0:1 - - [17/Apr/2023:17:39:43 +0200] "POST /h2-console/query.do?jsessionid=81530050a5178cab2397a91b2863b8b0 HTTP/1.1" 200 1162 59121"
"0:0:0:0:0:0:0:1 - - [17/Apr/2023:17:39:43 +0200] "GET /h2-console/stylesheet.css HTTP/1.1" 304 - 1038"
"0:0:0:0:0:0:0:1 - - [17/Apr/2023:17:39:43 +0200] "GET /h2-console/table.js HTTP/1.1" 200 8887 10445"
"0:0:0:0:0:0:0:1 - - [17/Apr/2023:17:39:49 +0200] "POST /h2-console/query.do?jsessionid=81530050a5178cab2397a91b2863b8b0 HTTP/1.1" 200 9482 39533"
"0:0:0:0:0:0:0:1 - - [17/Apr/2023:17:41:31 +0200] "POST /h2-console/query.do?jsessionid=81530050a5178cab2397a91b2863b8b0 HTTP/1.1" 200 1161 3373"
"0:0:0:0:0:0:0:1 - - [17/Apr/2023:17:41:31 +0200] "GET /h2-console/stylesheet.css HTTP/1.1" 304 - 3322"
"0:0:0:0:0:0:0:1 - - [17/Apr/2023:17:41:31 +0200] "GET /h2-console/table.js HTTP/1.1" 304 - 1547"
