"0:0:0:0:0:0:0:1 - - [16/Apr/2023:16:44:21 +0200] "GET /h2-console HTTP/1.1" 302 - 102393"
"0:0:0:0:0:0:0:1 - - [16/Apr/2023:16:44:21 +0200] "GET /h2-console/ HTTP/1.1" 200 938 27103"
"0:0:0:0:0:0:0:1 - - [16/Apr/2023:16:44:21 +0200] "GET /h2-console/stylesheet.css HTTP/1.1" 200 4967 36346"
"0:0:0:0:0:0:0:1 - - [16/Apr/2023:16:44:21 +0200] "GET /h2-console/login.jsp?jsessionid=cb5872fecda3373b640c8e718c307d72 HTTP/1.1" 200 9037 7621"
"0:0:0:0:0:0:0:1 - - [16/Apr/2023:16:44:21 +0200] "GET /h2-console/background.gif HTTP/1.1" 200 169 4399"
"0:0:0:0:0:0:0:1 - - [16/Apr/2023:16:44:22 +0200] "GET /favicon.ico HTTP/1.1" 404 111 425189"
"0:0:0:0:0:0:0:1 - - [16/Apr/2023:16:44:40 +0200] "POST /h2-console/login.do?jsessionid=cb5872fecda3373b640c8e718c307d72 HTTP/1.1" 200 17422 22444"
"0:0:0:0:0:0:0:1 - - [16/Apr/2023:16:44:40 +0200] "GET /h2-console/stylesheet.css HTTP/1.1" 304 - 2031"
"0:0:0:0:0:0:0:1 - - [16/Apr/2023:16:44:42 +0200] "POST /h2-console/test.do?jsessionid=cb5872fecda3373b640c8e718c307d72 HTTP/1.1" 200 17419 31168"
"0:0:0:0:0:0:0:1 - - [16/Apr/2023:16:44:44 +0200] "POST /h2-console/test.do?jsessionid=cb5872fecda3373b640c8e718c307d72 HTTP/1.1" 200 17419 18036"
"0:0:0:0:0:0:0:1 - - [16/Apr/2023:16:45:03 +0200] "POST /h2-console/login.do?jsessionid=cb5872fecda3373b640c8e718c307d72 HTTP/1.1" 200 1463 13673"
"0:0:0:0:0:0:0:1 - - [16/Apr/2023:16:45:03 +0200] "GET /h2-console/stylesheet.css HTTP/1.1" 304 - 1361"
"0:0:0:0:0:0:0:1 - - [16/Apr/2023:16:45:03 +0200] "GET /h2-console/header.jsp?jsessionid=cb5872fecda3373b640c8e718c307d72 HTTP/1.1" 200 8070 3841"
"0:0:0:0:0:0:0:1 - - [16/Apr/2023:16:45:03 +0200] "GET /h2-console/help.jsp?jsessionid=cb5872fecda3373b640c8e718c307d72 HTTP/1.1" 200 5315 11055"
"0:0:0:0:0:0:0:1 - - [16/Apr/2023:16:45:03 +0200] "GET /h2-console/query.jsp?jsessionid=cb5872fecda3373b640c8e718c307d72 HTTP/1.1" 200 16430 14597"
"0:0:0:0:0:0:0:1 - - [16/Apr/2023:16:45:03 +0200] "GET /h2-console/icon_disconnect.gif HTTP/1.1" 200 114 5347"
"0:0:0:0:0:0:0:1 - - [16/Apr/2023:16:45:03 +0200] "GET /h2-console/icon_line.gif HTTP/1.1" 200 818 7327"
"0:0:0:0:0:0:0:1 - - [16/Apr/2023:16:45:03 +0200] "GET /h2-console/icon_help.gif HTTP/1.1" 200 373 2864"
"0:0:0:0:0:0:0:1 - - [16/Apr/2023:16:45:03 +0200] "GET /h2-console/icon_commit.gif HTTP/1.1" 200 323 2046"
"0:0:0:0:0:0:0:1 - - [16/Apr/2023:16:45:03 +0200] "GET /h2-console/icon_history.gif HTTP/1.1" 200 216 14442"
"0:0:0:0:0:0:0:1 - - [16/Apr/2023:16:45:03 +0200] "GET /h2-console/icon_refresh.gif HTTP/1.1" 200 327 2224"
"0:0:0:0:0:0:0:1 - - [16/Apr/2023:16:45:03 +0200] "GET /h2-console/icon_rollback.gif HTTP/1.1" 200 331 3359"
"0:0:0:0:0:0:0:1 - - [16/Apr/2023:16:45:03 +0200] "GET /h2-console/icon_run.gif HTTP/1.1" 200 379 7414"
"0:0:0:0:0:0:0:1 - - [16/Apr/2023:16:45:03 +0200] "GET /h2-console/icon_run_selected.gif HTTP/1.1" 200 312 3189"
"0:0:0:0:0:0:0:1 - - [16/Apr/2023:16:45:03 +0200] "GET /h2-console/icon_stop.gif HTTP/1.1" 200 215 5715"
"0:0:0:0:0:0:0:1 - - [16/Apr/2023:16:45:03 +0200] "GET /h2-console/tables.do?jsessionid=cb5872fecda3373b640c8e718c307d72 HTTP/1.1" 200 13707 342748"
"0:0:0:0:0:0:0:1 - - [16/Apr/2023:16:45:03 +0200] "GET /h2-console/tree.js HTTP/1.1" 200 3185 7082"
"0:0:0:0:0:0:0:1 - - [16/Apr/2023:16:45:04 +0200] "GET /h2-console/tree_minus.gif HTTP/1.1" 200 861 4848"
"0:0:0:0:0:0:0:1 - - [16/Apr/2023:16:45:04 +0200] "GET /h2-console/tree_table.gif HTTP/1.1" 200 343 4415"
"0:0:0:0:0:0:0:1 - - [16/Apr/2023:16:45:04 +0200] "GET /h2-console/tree_empty.gif HTTP/1.1" 200 62 11354"
"0:0:0:0:0:0:0:1 - - [16/Apr/2023:16:45:04 +0200] "GET /h2-console/tree_database.gif HTTP/1.1" 200 545 14076"
"0:0:0:0:0:0:0:1 - - [16/Apr/2023:16:45:04 +0200] "GET /h2-console/tree_plus.gif HTTP/1.1" 200 870 21668"
"0:0:0:0:0:0:0:1 - - [16/Apr/2023:16:45:04 +0200] "GET /h2-console/tree_column.gif HTTP/1.1" 200 317 19815"
"0:0:0:0:0:0:0:1 - - [16/Apr/2023:16:45:04 +0200] "GET /h2-console/tree_index_az.gif HTTP/1.1" 200 157 4067"
"0:0:0:0:0:0:0:1 - - [16/Apr/2023:16:45:04 +0200] "GET /h2-console/tree_type.gif HTTP/1.1" 200 197 4906"
"0:0:0:0:0:0:0:1 - - [16/Apr/2023:16:45:04 +0200] "GET /h2-console/tree_index.gif HTTP/1.1" 200 152 3078"
"0:0:0:0:0:0:0:1 - - [16/Apr/2023:16:45:04 +0200] "GET /h2-console/tree_folder.gif HTTP/1.1" 200 372 2772"
"0:0:0:0:0:0:0:1 - - [16/Apr/2023:16:45:04 +0200] "GET /h2-console/tree_view.gif HTTP/1.1" 200 157 4534"
"0:0:0:0:0:0:0:1 - - [16/Apr/2023:16:45:04 +0200] "GET /h2-console/tree_users.gif HTTP/1.1" 200 601 7101"
"0:0:0:0:0:0:0:1 - - [16/Apr/2023:16:45:04 +0200] "GET /h2-console/tree_user.gif HTTP/1.1" 200 500 4985"
"0:0:0:0:0:0:0:1 - - [16/Apr/2023:16:45:04 +0200] "GET /h2-console/tree_info.gif HTTP/1.1" 200 267 4011"
